<?xml version="1.0" encoding="utf-8"?><testsuites name="pytest tests"><testsuite name="pytest" errors="0" failures="0" skipped="0" tests="14" time="2.488" timestamp="2026-04-19T22:50:50.295666+00:00" hostname="agent-env-b6a8f731-65ae-4e4a-88ec-5b06d60be10d"><testcase classname="backend.tests.test_paypal_donations.TestPublicConfig" name="test_public_config_returns_expected_fields" time="0.272" /><testcase classname="backend.tests.test_paypal_donations.TestCreateOrder" name="test_missing_cnccfp_checkbox_returns_422" time="0.164" /><testcase classname="backend.tests.test_paypal_donations.TestCreateOrder" name="test_mandataire_not_configured_returns_503" time="0.165" /><testcase classname="backend.tests.test_paypal_donations.TestCreateOrder" name="test_invalid_currency_returns_422" time="0.169" /><testcase classname="backend.tests.test_paypal_donations.TestCreateOrder" name="test_preset_with_non_eur_blocked_by_mandataire_first" time="0.157" /><testcase classname="backend.tests.test_paypal_donations.TestCreateOrder" name="test_rate_limit_kicks_in" time="0.472" /><testcase classname="backend.tests.test_paypal_donations.TestWebhook" name="test_webhook_accepts_valid_json" time="0.112" /><testcase classname="backend.tests.test_paypal_donations.TestWebhook" name="test_webhook_rejects_invalid_json" time="0.107" /><testcase classname="backend.tests.test_paypal_donations.TestAdminDonations" name="test_admin_donations_requires_auth" time="0.113" /><testcase classname="backend.tests.test_paypal_donations.TestAdminDonations" name="test_admin_donations_list_ok" time="0.154" /><testcase classname="backend.tests.test_paypal_donations.TestAdminDonations" name="test_admin_donations_stats" time="0.174" /><testcase classname="backend.tests.test_paypal_donations.TestAdminDonations" name="test_admin_donations_stats_requires_auth" time="0.108" /><testcase classname="backend.tests.test_paypal_donations.TestAdminDonations" name="test_admin_donations_csv_export" time="0.113" /><testcase classname="backend.tests.test_paypal_donations.TestAdminDonations" name="test_admin_donations_csv_requires_auth" time="0.109" /></testsuite></testsuites>